mode: set
github.com/Yusufdot101/goBankBackend/internal/loanrequests/model.go:18.76,25.2 3 1
github.com/Yusufdot101/goBankBackend/internal/loanrequests/repository.go:16.61,37.16 6 1
github.com/Yusufdot101/goBankBackend/internal/loanrequests/repository.go:37.16,39.3 1 0
github.com/Yusufdot101/goBankBackend/internal/loanrequests/repository.go:41.2,41.12 1 1
github.com/Yusufdot101/goBankBackend/internal/loanrequests/repository.go:44.77,64.16 6 1
github.com/Yusufdot101/goBankBackend/internal/loanrequests/repository.go:64.16,65.10 1 0
github.com/Yusufdot101/goBankBackend/internal/loanrequests/repository.go:66.38,67.32 1 0
github.com/Yusufdot101/goBankBackend/internal/loanrequests/repository.go:68.11,69.19 1 0
github.com/Yusufdot101/goBankBackend/internal/loanrequests/repository.go:73.2,73.25 1 1
github.com/Yusufdot101/goBankBackend/internal/loanrequests/repository.go:76.100,81.16 4 1
github.com/Yusufdot101/goBankBackend/internal/loanrequests/repository.go:81.16,83.3 1 0
github.com/Yusufdot101/goBankBackend/internal/loanrequests/repository.go:85.2,105.16 5 1
github.com/Yusufdot101/goBankBackend/internal/loanrequests/repository.go:105.16,106.10 1 0
github.com/Yusufdot101/goBankBackend/internal/loanrequests/repository.go:107.38,108.32 1 0
github.com/Yusufdot101/goBankBackend/internal/loanrequests/repository.go:109.11,110.19 1 0
github.com/Yusufdot101/goBankBackend/internal/loanrequests/repository.go:114.2,125.16 3 1
github.com/Yusufdot101/goBankBackend/internal/loanrequests/repository.go:125.16,127.3 1 0
github.com/Yusufdot101/goBankBackend/internal/loanrequests/repository.go:129.2,129.35 1 1
github.com/Yusufdot101/goBankBackend/internal/loanrequests/repository.go:129.35,131.3 1 0
github.com/Yusufdot101/goBankBackend/internal/loanrequests/repository.go:133.2,133.25 1 1
github.com/Yusufdot101/goBankBackend/internal/loanrequests/service.go:36.25,45.56 2 1
github.com/Yusufdot101/goBankBackend/internal/loanrequests/service.go:45.56,47.3 1 1
github.com/Yusufdot101/goBankBackend/internal/loanrequests/service.go:49.2,50.16 2 1
github.com/Yusufdot101/goBankBackend/internal/loanrequests/service.go:50.16,52.3 1 1
github.com/Yusufdot101/goBankBackend/internal/loanrequests/service.go:54.2,54.26 1 1
github.com/Yusufdot101/goBankBackend/internal/loanrequests/service.go:57.88,59.16 2 1
github.com/Yusufdot101/goBankBackend/internal/loanrequests/service.go:59.16,61.3 1 1
github.com/Yusufdot101/goBankBackend/internal/loanrequests/service.go:63.2,63.37 1 1
github.com/Yusufdot101/goBankBackend/internal/loanrequests/service.go:63.37,65.3 1 1
github.com/Yusufdot101/goBankBackend/internal/loanrequests/service.go:67.2,68.16 2 1
github.com/Yusufdot101/goBankBackend/internal/loanrequests/service.go:68.16,70.3 1 1
github.com/Yusufdot101/goBankBackend/internal/loanrequests/service.go:73.2,74.16 2 1
github.com/Yusufdot101/goBankBackend/internal/loanrequests/service.go:74.16,76.3 1 1
github.com/Yusufdot101/goBankBackend/internal/loanrequests/service.go:78.2,82.16 3 1
github.com/Yusufdot101/goBankBackend/internal/loanrequests/service.go:82.16,84.3 1 1
github.com/Yusufdot101/goBankBackend/internal/loanrequests/service.go:87.2,88.16 2 1
github.com/Yusufdot101/goBankBackend/internal/loanrequests/service.go:88.16,90.3 1 1
github.com/Yusufdot101/goBankBackend/internal/loanrequests/service.go:92.2,92.25 1 1
github.com/Yusufdot101/goBankBackend/internal/loanrequests/service.go:95.89,97.16 2 1
github.com/Yusufdot101/goBankBackend/internal/loanrequests/service.go:97.16,99.3 1 1
github.com/Yusufdot101/goBankBackend/internal/loanrequests/service.go:101.2,101.25 1 1
